[2026-03-27T15:38:51.805Z] Adding execution video attachment as C:\Users\pavel\clauld_code\ofer_apk\reports\videos\should-display-the-Welcome-screen-on-first-launch-0-0--browser--03-27-2026--18-38-51-781.webm
[2026-03-27T15:38:51.887Z] Add frame for command: /session/:sessionId/element/00000000-0000-016e-0000-000600000003/displayed => [displayed]
[2026-03-27T15:38:52.584Z] - Screenshot (frame: 0)
[2026-03-27T15:38:52.598Z] Add frame for command: /session/:sessionId/element/00000000-0000-016e-0000-000700000003/displayed => [displayed]
[2026-03-27T15:38:53.087Z] - Screenshot (frame: 1)
[2026-03-27T15:38:53.091Z] Add frame for command: /session/:sessionId/element/00000000-0000-016e-0000-000900000003/displayed => [displayed]
[2026-03-27T15:38:53.096Z] Adding execution video attachment as C:\Users\pavel\clauld_code\ofer_apk\reports\videos\should-display-all-three-region-tabs-0-0--browser--03-27-2026--18-38-53-095.webm
[2026-03-27T15:38:53.553Z] - Screenshot (frame: 2)
[2026-03-27T15:38:54.331Z] Add frame for command: /session/:sessionId/element/00000000-0000-016e-0000-001a00000003/displayed => [displayed]
[2026-03-27T15:38:54.802Z] - Screenshot (frame: 0)
[2026-03-27T15:38:55.693Z] Add frame for command: /session/:sessionId/element/00000000-0000-016e-0000-001b00000003/displayed => [displayed]
[2026-03-27T15:38:56.195Z] - Screenshot (frame: 1)
[2026-03-27T15:38:56.213Z] Add frame for command: /session/:sessionId/element/00000000-0000-016e-0000-001c00000003/displayed => [displayed]
[2026-03-27T15:38:56.218Z] Adding execution video attachment as C:\Users\pavel\clauld_code\ofer_apk\reports\videos\should-click-the-sort-by-location-button-0-0--browser--03-27-2026--18-38-56-217.webm
[2026-03-27T15:38:56.637Z] - Screenshot (frame: 2)
[2026-03-27T15:38:56.732Z] Add frame for command: /session/:sessionId/element/00000000-0000-016e-0000-001800000003/displayed => [displayed]
[2026-03-27T15:38:57.230Z] - Screenshot (frame: 0)
[2026-03-27T15:38:57.831Z] Add frame for command: /session/:sessionId/element/00000000-0000-016e-0000-001800000003/click => [click]
[2026-03-27T15:38:58.267Z] - Screenshot (frame: 1)
[2026-03-27T15:38:58.849Z] Adding execution video attachment as C:\Users\pavel\clauld_code\ofer_apk\reports\videos\should-display-at-least-one-mall-in-the-list-0-0--browser--03-27-2026--18-38-58-847.webm
[2026-03-27T15:38:59.214Z] Add frame for command: /session/:sessionId/actions => [actions]
[2026-03-27T15:38:59.222Z] Add frame for command: /session/:sessionId/actions => [actions]
[2026-03-27T15:38:59.540Z] - Screenshot (frame: 0)
[2026-03-27T15:38:59.815Z] - Screenshot (frame: 1)
[2026-03-27T15:39:00.358Z] Add frame for command: /session/:sessionId/element/00000000-0000-016e-0000-005500000003/displayed => [displayed]
[2026-03-27T15:39:00.415Z] Adding execution video attachment as C:\Users\pavel\clauld_code\ofer_apk\reports\videos\should-navigate-to-Home-screen-after-selecting-a-mall-0-0--browser--03-27-2026--18-39-00-414.webm
[2026-03-27T15:39:00.690Z] - Screenshot (frame: 2)
[2026-03-27T15:39:00.792Z] Add frame for command: /session/:sessionId/element/00000000-0000-016e-0000-005500000003/displayed => [displayed]
[2026-03-27T15:39:01.167Z] - Screenshot (frame: 0)
[2026-03-27T15:39:03.954Z] Add frame for command: /session/:sessionId/element/00000000-0000-016e-0000-005500000003/displayed => [displayed]
[2026-03-27T15:39:04.358Z] - Screenshot (frame: 1)
[2026-03-27T15:39:04.982Z] Add frame for command: /session/:sessionId/element/00000000-0000-016e-0000-005500000003/click => [click]
[2026-03-27T15:39:05.350Z] - Screenshot (frame: 2)
[2026-03-27T15:39:07.086Z] Add frame for command: /session/:sessionId/element/00000000-0000-016e-0000-00ba00000003/displayed => [displayed]
[2026-03-27T15:39:07.963Z] - Screenshot (frame: 3)
[2026-03-27T15:39:07.994Z] Add frame for command: /session/:sessionId/element/00000000-0000-016e-0000-00ba00000003/displayed => [displayed]
[2026-03-27T15:39:07.996Z] Adding execution video attachment as C:\Users\pavel\clauld_code\ofer_apk\reports\videos\should-display-the-home-screen-content-0-0--browser--03-27-2026--18-39-07-995.webm
[2026-03-27T15:39:08.851Z] - Screenshot (frame: 4)
[2026-03-27T15:39:08.898Z] Add frame for command: /session/:sessionId/element/00000000-0000-016e-0000-00ba00000003/displayed => [displayed]
[2026-03-27T15:39:08.912Z] Adding execution video attachment as C:\Users\pavel\clauld_code\ofer_apk\reports\videos\should-display-the-bottom-navigation-bar-0-0--browser--03-27-2026--18-39-08-901.webm
[2026-03-27T15:39:09.759Z] - Screenshot (frame: 0)
[2026-03-27T15:39:10.109Z] Add frame for command: /session/:sessionId/element/00000000-0000-016e-0000-00bd00000003/displayed => [displayed]
[2026-03-27T15:39:11.028Z] - Screenshot (frame: 0)
[2026-03-27T15:39:11.579Z] Add frame for command: /session/:sessionId/element/00000000-0000-016e-0000-00be00000003/displayed => [displayed]
[2026-03-27T15:39:12.478Z] - Screenshot (frame: 1)
[2026-03-27T15:39:12.485Z] Add frame for command: /session/:sessionId/element/00000000-0000-016e-0000-00bf00000003/displayed => [displayed]
[2026-03-27T15:39:13.416Z] - Screenshot (frame: 2)
[2026-03-27T15:39:13.419Z] Add frame for command: /session/:sessionId/element/00000000-0000-016e-0000-00c000000003/displayed => [displayed]
[2026-03-27T15:39:13.423Z] Adding execution video attachment as C:\Users\pavel\clauld_code\ofer_apk\reports\videos\should-display-the-top-bar-with-menu-and-search-0-0--browser--03-27-2026--18-39-13-422.webm
[2026-03-27T15:39:14.298Z] - Screenshot (frame: 3)
[2026-03-27T15:39:14.340Z] Add frame for command: /session/:sessionId/element/00000000-0000-016e-0000-00bc00000003/displayed => [displayed]
[2026-03-27T15:39:15.226Z] - Screenshot (frame: 0)
[2026-03-27T15:39:15.228Z] Add frame for command: /session/:sessionId/element/00000000-0000-016e-0000-00ba00000003/displayed => [displayed]
[2026-03-27T15:39:16.463Z] Generated 0 videos, video report done!
